#
# There is insufficient memory for the Java Runtime Environment to continue.
# Native memory allocation (malloc) failed to allocate 32744 bytes for ChunkPool::allocate
# Possible reasons:
#   The system is out of physical RAM or swap space
#   In 32 bit mode, the process size limit was hit
# Possible solutions:
#   Reduce memory load on the system
#   Increase physical memory or swap space
#   Check if swap backing store is full
#   Use 64 bit Java on a 64 bit OS
#   Decrease Java heap size (-Xmx/-Xms)
#   Decrease number of Java threads
#   Decrease Java thread stack sizes (-Xss)
#   Set larger code cache with -XX:ReservedCodeCacheSize=
# This output file may be truncated or incomplete.
#
#  Out of Memory Error (allocation.cpp:273), pid=8296, tid=0x0000000000005a30
#
# JRE version: Java(TM) SE Runtime Environment (8.0_101-b13) (build 1.8.0_101-b13)
# Java VM: Java HotSpot(TM) 64-Bit Server VM (25.101-b13 mixed mode windows-amd64 compressed oops)
# Failed to write core dump. Minidumps are not enabled by default on client versions of Windows
#

---------------  T H R E A D  ---------------

Current thread (0x0000000014a5e800):  JavaThread "C2 CompilerThread1" daemon [_thread_in_native, id=23088, stack(0x0000000016150000,0x0000000016250000)]

Stack: [0x0000000016150000,0x0000000016250000]
[error occurred during error reporting (printing stack bounds), id 0xc0000005]

Native frames: (J=compiled Java code, j=interpreted, Vv=VM code, C=native code)


Current CompileTask:
C2:   2538 1421       4       com.android.dx.ssa.LocalVariableExtractor::processBlock (383 bytes)


---------------  P R O C E S S  ---------------

Java Threads: ( => current thread )
  0x00000000164fb800 JavaThread "pool-2-thread-4" [_thread_in_Java, id=18736, stack(0x0000000017550000,0x0000000017650000)]
  0x000000001649f000 JavaThread "pool-2-thread-3" [_thread_blocked, id=14076, stack(0x0000000017450000,0x0000000017550000)]
  0x000000001649e800 JavaThread "pool-2-thread-2" [_thread_in_Java, id=3604, stack(0x0000000017350000,0x0000000017450000)]
  0x000000001650f800 JavaThread "pool-3-thread-1" [_thread_blocked, id=9928, stack(0x0000000017250000,0x0000000017350000)]
  0x000000001650e800 JavaThread "pool-2-thread-1" [_thread_in_native_trans, id=18080, stack(0x0000000017150000,0x0000000017250000)]
  0x000000001625d800 JavaThread "Service Thread" daemon [_thread_blocked, id=10612, stack(0x0000000016750000,0x0000000016850000)]
  0x0000000016258800 JavaThread "C1 CompilerThread2" daemon [_thread_in_vm, id=22160, stack(0x0000000016650000,0x0000000016750000)]
=>0x0000000014a5e800 JavaThread "C2 CompilerThread1" daemon [_thread_in_native, id=23088, stack(0x0000000016150000,0x0000000016250000)]
  0x0000000014a0d000 JavaThread "C2 CompilerThread0" daemon [_thread_in_native, id=12900, stack(0x0000000016050000,0x0000000016150000)]
  0x0000000014a0b800 JavaThread "Attach Listener" daemon [_thread_blocked, id=13440, stack(0x0000000015f50000,0x0000000016050000)]
  0x0000000014a0a000 JavaThread "Signal Dispatcher" daemon [_thread_blocked, id=17576, stack(0x0000000015e50000,0x0000000015f50000)]
  0x00000000149fa000 JavaThread "Finalizer" daemon [_thread_blocked, id=20596, stack(0x0000000015c70000,0x0000000015d70000)]
  0x00000000149d9000 JavaThread "Reference Handler" daemon [_thread_blocked, id=18472, stack(0x0000000015b70000,0x0000000015c70000)]
  0x000000000249d800 JavaThread "main" [_thread_blocked, id=15744, stack(0x0000000000870000,0x0000000000970000)]

Other Threads:
  0x00000000149d6800 VMThread [stack: 0x0000000015a70000,0x0000000015b70000] [id=4580]
  0x000000001626b000 WatcherThread [stack: 0x0000000016850000,0x0000000016950000] [id=5612]

VM state:not at safepoint (normal execution)

VM Mutex/Monitor currently owned by a thread: None

Heap:
 PSYoungGen      total 18944K, used 18938K [0x00000000eab00000, 0x00000000ec000000, 0x0000000100000000)
  eden space 16384K, 100% used [0x00000000eab00000,0x00000000ebb00000,0x00000000ebb00000)
  from space 2560K, 99% used [0x00000000ebd80000,0x00000000ebffeaa8,0x00000000ec000000)
  to   space 2560K, 0% used [0x00000000ebb00000,0x00000000ebb00000,0x00000000ebd80000)
 ParOldGen       total 44032K, used 2932K [0x00000000c0000000, 0x00000000c2b00000, 0x00000000eab00000)
  object space 44032K, 6% used [0x00000000c0000000,0x00000000c02dd260,0x00000000c2b00000)
 Metaspace       used 6132K, capacity 7026K, committed 7296K, reserved 1056768K
  class space    used 602K, capacity 618K, committed 640K, reserved 1048576K

Card table byte_map: [0x0000000011860000,0x0000000011a70000] byte_map_base: 0x0000000011260000

Marking Bits: (ParMarkBitMap*) 0x000000005277a6d0
 Begin Bits: [0x0000000011e70000, 0x0000000012e70000)
 End Bits:   [0x0000000012e70000, 0x0000000013e70000)

Polling page: 0x0000000000970000

CodeCache: size=245760Kb used=5811Kb max_used=5811Kb free=239948Kb
 bounds [0x00000000024a0000, 0x0000000002a60000, 0x00000000114a0000]
 total_blobs=1694 nmethods=1425 adapters=182
 compilation: enabled

Compilation events (10 events):
Event: 2.522 Thread 0x0000000016258800 nmethod 1433 0x0000000002a3ddd0 code [0x0000000002a3df60, 0x0000000002a3e508]
Event: 2.522 Thread 0x0000000016258800 1434       3       com.android.dx.rop.code.Rops::opGetField (97 bytes)
Event: 2.523 Thread 0x0000000016258800 nmethod 1434 0x0000000002a3e650 code [0x0000000002a3e880, 0x0000000002a3f4f8]
Event: 2.523 Thread 0x0000000016258800 1435       3       com.android.dx.ssa.NormalSsaInsn::isMoveException (20 bytes)
Event: 2.523 Thread 0x0000000016258800 nmethod 1435 0x0000000002a3fa90 code [0x0000000002a3fc00, 0x0000000002a3fef0]
Event: 2.523 Thread 0x0000000016258800 1436       1       java.util.HashMap$Node::getValue (5 bytes)
Event: 2.523 Thread 0x0000000016258800 nmethod 1436 0x0000000002a3ffd0 code [0x0000000002a40120, 0x0000000002a40230]
Event: 2.526 Thread 0x0000000016258800 1438       1       com.android.dx.dex.file.DexFile::getStringIds (5 bytes)
Event: 2.526 Thread 0x0000000016258800 nmethod 1438 0x0000000002a40290 code [0x0000000002a403e0, 0x0000000002a404f0]
Event: 2.528 Thread 0x0000000016258800 1439       3       com.android.dx.cf.code.Ropper::addSetupBlocks (535 bytes)

GC Heap History (4 events):
Event: 1.820 GC heap before
{Heap before GC invocations=1 (full 0):
 PSYoungGen      total 18944K, used 16384K [0x00000000eab00000, 0x00000000ec000000, 0x0000000100000000)
  eden space 16384K, 100% used [0x00000000eab00000,0x00000000ebb00000,0x00000000ebb00000)
  from space 2560K, 0% used [0x00000000ebd80000,0x00000000ebd80000,0x00000000ec000000)
  to   space 2560K, 0% used [0x00000000ebb00000,0x00000000ebb00000,0x00000000ebd80000)
 ParOldGen       total 44032K, used 0K [0x00000000c0000000, 0x00000000c2b00000, 0x00000000eab00000)
  object space 44032K, 0% used [0x00000000c0000000,0x00000000c0000000,0x00000000c2b00000)
 Metaspace       used 5690K, capacity 6640K, committed 6784K, reserved 1056768K
  class space    used 593K, capacity 616K, committed 640K, reserved 1048576K
Event: 1.858 GC heap after
Heap after GC invocations=1 (full 0):
 PSYoungGen      total 18944K, used 2548K [0x00000000eab00000, 0x00000000ec000000, 0x0000000100000000)
  eden space 16384K, 0% used [0x00000000eab00000,0x00000000eab00000,0x00000000ebb00000)
  from space 2560K, 99% used [0x00000000ebb00000,0x00000000ebd7d280,0x00000000ebd80000)
  to   space 2560K, 0% used [0x00000000ebd80000,0x00000000ebd80000,0x00000000ec000000)
 ParOldGen       total 44032K, used 1116K [0x00000000c0000000, 0x00000000c2b00000, 0x00000000eab00000)
  object space 44032K, 2% used [0x00000000c0000000,0x00000000c0117388,0x00000000c2b00000)
 Metaspace       used 5690K, capacity 6640K, committed 6784K, reserved 1056768K
  class space    used 593K, capacity 616K, committed 640K, reserved 1048576K
}
Event: 2.257 GC heap before
{Heap before GC invocations=2 (full 0):
 PSYoungGen      total 18944K, used 18932K [0x00000000eab00000, 0x00000000ec000000, 0x0000000100000000)
  eden space 16384K, 100% used [0x00000000eab00000,0x00000000ebb00000,0x00000000ebb00000)
  from space 2560K, 99% used [0x00000000ebb00000,0x00000000ebd7d280,0x00000000ebd80000)
  to   space 2560K, 0% used [0x00000000ebd80000,0x00000000ebd80000,0x00000000ec000000)
 ParOldGen       total 44032K, used 1116K [0x00000000c0000000, 0x00000000c2b00000, 0x00000000eab00000)
  object space 44032K, 2% used [0x00000000c0000000,0x00000000c0117388,0x00000000c2b00000)
 Metaspace       used 6035K, capacity 6962K, committed 7040K, reserved 1056768K
  class space    used 601K, capacity 618K, committed 640K, reserved 1048576K
Event: 2.295 GC heap after
Heap after GC invocations=2 (full 0):
 PSYoungGen      total 18944K, used 2554K [0x00000000eab00000, 0x00000000ec000000, 0x0000000100000000)
  eden space 16384K, 0% used [0x00000000eab00000,0x00000000eab00000,0x00000000ebb00000)
  from space 2560K, 99% used [0x00000000ebd80000,0x00000000ebffeaa8,0x00000000ec000000)
  to   space 2560K, 0% used [0x00000000ebb00000,0x00000000ebb00000,0x00000000ebd80000)
 ParOldGen       total 44032K, used 2932K [0x00000000c0000000, 0x00000000c2b00000, 0x00000000eab00000)
  object space 44032K, 6% used [0x00000000c0000000,0x00000000c02dd260,0x00000000c2b00000)
 Metaspace       used 6035K, capacity 6962K, committed 7040K, reserved 1056768K
  class space    used 601K, capacity 618K, committed 640K, reserved 1048576K
}

Deoptimization events (10 events):
Event: 1.884 Thread 0x000000000249d800 Uncommon trap: reason=unstable_if action=reinterpret pc=0x00000000026cdfa4 method=java.util.HashMap.getNode(ILjava/lang/Object;)Ljava/util/HashMap$Node; @ 129
Event: 1.922 Thread 0x000000001649f000 Uncommon trap: reason=unstable_if action=reinterpret pc=0x0000000002793ef4 method=java.util.BitSet.ensureCapacity(I)V @ 6
Event: 1.922 Thread 0x000000001649f000 Uncommon trap: reason=unstable_if action=reinterpret pc=0x00000000026f11f0 method=java.util.BitSet.nextSetBit(I)I @ 87
Event: 1.962 Thread 0x000000000249d800 Uncommon trap: reason=class_check action=maybe_recompile pc=0x00000000027b8394 method=com.android.dx.ssa.NormalSsaInsn.accept(Lcom/android/dx/ssa/SsaInsn$Visitor;)V @ 9
Event: 2.017 Thread 0x000000000249d800 Uncommon trap: reason=unstable_if action=reinterpret pc=0x0000000002792b30 method=java.util.HashMap.getNode(ILjava/lang/Object;)Ljava/util/HashMap$Node; @ 129
Event: 2.073 Thread 0x00000000164fb800 Uncommon trap: reason=class_check action=maybe_recompile pc=0x00000000027b8394 method=com.android.dx.ssa.NormalSsaInsn.accept(Lcom/android/dx/ssa/SsaInsn$Visitor;)V @ 9
Event: 2.073 Thread 0x00000000164fb800 Uncommon trap: reason=class_check action=maybe_recompile pc=0x00000000027b8394 method=com.android.dx.ssa.NormalSsaInsn.accept(Lcom/android/dx/ssa/SsaInsn$Visitor;)V @ 9
Event: 2.112 Thread 0x00000000164fb800 Uncommon trap: reason=class_check action=maybe_recompile pc=0x000000000274fbb0 method=com.android.dx.ssa.NormalSsaInsn.accept(Lcom/android/dx/ssa/SsaInsn$Visitor;)V @ 9
Event: 2.181 Thread 0x000000001649f000 Uncommon trap: reason=unstable_if action=reinterpret pc=0x00000000027c131c method=com.android.dx.rop.cst.Constant.compareTo(Lcom/android/dx/rop/cst/Constant;)I @ 12
Event: 2.246 Thread 0x000000001649e800 Uncommon trap: reason=null_check action=make_not_entrant pc=0x0000000002928314 method=com.android.dx.ssa.SsaRenamer.getLocalForNewReg(I)Lcom/android/dx/rop/code/LocalItem; @ 19

Internal exceptions (3 events):
Event: 0.087 Thread 0x000000000249d800 Exception <a 'java/lang/NoSuchMethodError': Method sun.misc.Unsafe.defineClass(Ljava/lang/String;[BII)Ljava/lang/Class; name or signature does not match> (0x00000000eab07cc0) thrown at [C:\re\workspace\8-2-build-windows-amd64-cygwin\jdk8u101\7261\hotspot\sTìÜåÈ¶?
Event: 0.089 Thread 0x000000000249d800 Exception <a 'java/lang/NoSuchMethodError': Method sun.misc.Unsafe.prefetchRead(Ljava/lang/Object;J)V name or signature does not match> (0x00000000eab07fa8) thrown at [C:\re\workspace\8-2-build-windows-amd64-cygwin\jdk8u101\7261\hotspot\src\share\vm\prims\ÔIöOø@
Event: 2.246 Thread 0x000000001649e800 Implicit null exception at 0x00000000029270d9 to 0x00000000029282c9

Events (10 events):
Event: 2.181 Thread 0x000000001649f000 DEOPT UNPACKING pc=0x00000000024e582a sp=0x000000001754e730 mode 2
Event: 2.246 Thread 0x000000001649e800 Uncommon trap: trap_request=0xfffffff4 fr.pc=0x0000000002928314
Event: 2.246 Thread 0x000000001649e800 DEOPT PACKING pc=0x0000000002928314 sp=0x000000001744e960
Event: 2.246 Thread 0x000000001649e800 DEOPT UNPACKING pc=0x00000000024e582a sp=0x000000001744e758 mode 2
Event: 2.257 Executing VM operation: ParallelGCFailedAllocation
Event: 2.295 Executing VM operation: ParallelGCFailedAllocation done
Event: 2.507 loading class com/android/dx/cf/attrib/AttRuntimeInvisibleAnnotations
Event: 2.507 loading class com/android/dx/cf/attrib/AttRuntimeInvisibleAnnotations done
Event: 2.507 loading class com/android/dx/cf/attrib/BaseAnnotations
Event: 2.509 loading class com/android/dx/cf/attrib/BaseAnnotations done


Dynamic libraries:
0x00007ff78c4e0000 - 0x00007ff78c517000 	C:\Program Files\Java\jdk1.8.0_101\bin\java.exe
0x00007ffa50cd0000 - 0x00007ffa50e91000 	C:\WINDOWS\SYSTEM32\ntdll.dll
0x00007ffa4e510000 - 0x00007ffa4e5bd000 	C:\WINDOWS\system32\KERNEL32.DLL
0x00007ffa30a70000 - 0x00007ffa30aa2000 	C:\Program Files (x86)\AVG\AVG2015\avghooka.dll
0x00007ffa4d660000 - 0x00007ffa4d848000 	C:\WINDOWS\system32\KERNELBASE.dll
0x00007ffa4f000000 - 0x00007ffa4f0a7000 	C:\WINDOWS\system32\ADVAPI32.dll
0x00007ffa4f0b0000 - 0x00007ffa4f14d000 	C:\WINDOWS\system32\msvcrt.dll
0x00007ffa50bf0000 - 0x00007ffa50c4b000 	C:\WINDOWS\system32\sechost.dll
0x00007ffa4eee0000 - 0x00007ffa4effc000 	C:\WINDOWS\system32\RPCRT4.dll
0x00007ffa4ec90000 - 0x00007ffa4ede6000 	C:\WINDOWS\system32\USER32.dll
0x00007ffa4e710000 - 0x00007ffa4e896000 	C:\WINDOWS\system32\GDI32.dll
0x00007ffa337a0000 - 0x00007ffa33a14000 	C:\WINDOWS\WinSxS\amd64_microsoft.windows.common-controls_6595b64144ccf1df_6.0.10586.0_none_8c15ae12515e1c22\COMCTL32.dll
0x00007ffa4e9b0000 - 0x00007ffa4ec2d000 	C:\WINDOWS\system32\combase.dll
0x00007ffa4df00000 - 0x00007ffa4df6a000 	C:\WINDOWS\system32\bcryptPrimitives.dll
0x00007ffa4f150000 - 0x00007ffa4f18b000 	C:\WINDOWS\system32\IMM32.DLL
0x0000000052c60000 - 0x0000000052d32000 	C:\Program Files\Java\jdk1.8.0_101\jre\bin\msvcr100.dll
0x0000000051f60000 - 0x00000000527fa000 	C:\Program Files\Java\jdk1.8.0_101\jre\bin\server\jvm.dll
0x00007ffa50c50000 - 0x00007ffa50c58000 	C:\WINDOWS\system32\PSAPI.DLL
0x00007ffa40ad0000 - 0x00007ffa40ad9000 	C:\WINDOWS\SYSTEM32\WSOCK32.dll
0x00007ffa4f470000 - 0x00007ffa4f4db000 	C:\WINDOWS\system32\WS2_32.dll
0x00007ffa4b970000 - 0x00007ffa4b993000 	C:\WINDOWS\SYSTEM32\WINMM.dll
0x00007ffa4c160000 - 0x00007ffa4c16a000 	C:\WINDOWS\SYSTEM32\VERSION.dll
0x00007ffa4b940000 - 0x00007ffa4b96c000 	C:\WINDOWS\SYSTEM32\WINMMBASE.dll
0x00007ffa4d610000 - 0x00007ffa4d653000 	C:\WINDOWS\system32\cfgmgr32.dll
0x0000000052c50000 - 0x0000000052c5f000 	C:\Program Files\Java\jdk1.8.0_101\jre\bin\verify.dll
0x0000000052c20000 - 0x0000000052c49000 	C:\Program Files\Java\jdk1.8.0_101\jre\bin\java.dll
0x0000000052c00000 - 0x0000000052c16000 	C:\Program Files\Java\jdk1.8.0_101\jre\bin\zip.dll
0x00007ffa4f690000 - 0x00007ffa50bec000 	C:\WINDOWS\system32\SHELL32.dll
0x00007ffa4d8b0000 - 0x00007ffa4def4000 	C:\WINDOWS\system32\windows.storage.dll
0x00007ffa4f190000 - 0x00007ffa4f1e2000 	C:\WINDOWS\system32\shlwapi.dll
0x00007ffa4d320000 - 0x00007ffa4d32f000 	C:\WINDOWS\system32\kernel.appcore.dll
0x00007ffa4d550000 - 0x00007ffa4d605000 	C:\WINDOWS\system32\shcore.dll
0x00007ffa4d330000 - 0x00007ffa4d37b000 	C:\WINDOWS\system32\powrprof.dll
0x00007ffa4d300000 - 0x00007ffa4d314000 	C:\WINDOWS\system32\profapi.dll

VM Arguments:
jvm_args: -Djava.awt.headless=true -Xmx1024M -Dfile.encoding=windows-1252 -Duser.country=US -Duser.language=en -Duser.variant 
java_command: com.android.dx.command.Main --dex --force-jumbo --num-threads=4 --multi-dex --output C:\Users\tennkarene\AndroidStudioProjects\Calculator\app\build\intermediates\transforms\dex\debug\folders\1000\10\internal_impl-24.2.0_dd16cf5cec85ba58d7306e0897a0c0a143f2f30d C:\Users\tennkarene\AndroidStudioProjects\Calculator\app\build\intermediates\exploded-aar\com.android.support\support-compat\24.2.0\jars\libs\internal_impl-24.2.0.jar
java_class_path (initial): C:\Users\tennkarene\AppData\Local\Android\sdk\build-tools\24.0.2\lib\dx.jar
Launcher Type: SUN_STANDARD

Environment Variables:
PATH=C:\ProgramData\Oracle\Java\javapath;C:\Program Files (x86)\Intel\iCLS Client\;C:\Program Files\Intel\iCLS Client\;C:\WINDOWS\system32;C:\WINDOWS;C:\WINDOWS\System32\Wbem;C:\WINDOWS\System32\WindowsPowerShell\v1.0\;C:\Program Files\Intel\Intel(R) Management Engine Components\DAL;C:\Program Files\Intel\Intel(R) Management Engine Components\IPT;C:\Program Files (x86)\Intel\Intel(R) Management Engine Components\DAL;C:\Program Files (x86)\Intel\Intel(R) Management Engine Components\IPT;C:\Program Files\Intel\WiFi\bin\;C:\Program Files\Common Files\Intel\WirelessCommon\;C:\Users\tennkarene\.dnx\bin;C:\Program Files\Microsoft DNX\Dnvm\;c:\Program Files (x86)\Microsoft SQL Server\110\Tools\Binn\;c:\Program Files\Microsoft SQL Server\110\Tools\Binn\;c:\Program Files\Microsoft SQL Server\110\DTS\Binn\;C:\Program Files (x86)\Windows Kits\8.1\Windows Performance Toolkit\;C:\Program Files (x86)\Microsoft SDKs\TypeScript\1.0\;C:\Program Files\Microsoft SQL Server\120\Tools\Binn\;C:\Program Files\jEdit;C:\Program Files\nodejs\;C:\Program Files (x86)\SSH Communications Security\SSH Secure Shell;C:\Users\tennkarene\AppData\Roaming\npm
USERNAME=tennkarene
OS=Windows_NT
PROCESSOR_IDENTIFIER=Intel64 Family 6 Model 69 Stepping 1, GenuineIntel



---------------  S Y S T E M  ---------------

OS: Windows 10.0 , 64 bit Build 10586 (10.0.10586.0)

CPU:total 4 (2 cores per cpu, 2 threads per core) family 6 model 69 stepping 1, cmov, cx8, fxsr, mmx, sse, sse2, sse3, ssse3, sse4.1, sse4.2, popcnt, avx, avx2, aes, clmul, erms, lzcnt, ht, tsc, tscinvbit, bmi1, bmi2

Memory: 4k page, physical 4113368k(397412k free), swap 11109260k(3592k free)

vm_info: Java HotSpot(TM) 64-Bit Server VM (25.101-b13) for windows-amd64 JRE (1.8.0_101-b13), built on Jun 22 2016 01:21:29 by "java_re" with MS VC++ 10.0 (VS2010)

time: Mon Sep 19 12:52:20 2016
elapsed time: 2 seconds (0d 0h 0m 2s)

