#
# There is insufficient memory for the Java Runtime Environment to continue.
# Native memory allocation (malloc) failed to allocate 131088 bytes for Chunk::new
# Possible reasons:
#   The system is out of physical RAM or swap space
#   In 32 bit mode, the process size limit was hit
# Possible solutions:
#   Reduce memory load on the system
#   Increase physical memory or swap space
#   Check if swap backing store is full
#   Use 64 bit Java on a 64 bit OS
#   Decrease Java heap size (-Xmx/-Xms)
#   Decrease number of Java threads
#   Decrease Java thread stack sizes (-Xss)
#   Set larger code cache with -XX:ReservedCodeCacheSize=
# This output file may be truncated or incomplete.
#
#  Out of Memory Error (allocation.cpp:390), pid=23128, tid=0x0000000000001648
#
# JRE version: Java(TM) SE Runtime Environment (8.0_101-b13) (build 1.8.0_101-b13)
# Java VM: Java HotSpot(TM) 64-Bit Server VM (25.101-b13 mixed mode windows-amd64 compressed oops)
# Failed to write core dump. Minidumps are not enabled by default on client versions of Windows
#

---------------  T H R E A D  ---------------

Current thread (0x000000001517d000):  JavaThread "C2 CompilerThread0" daemon [_thread_in_native, id=5704, stack(0x00000000167c0000,0x00000000168c0000)]

Stack: [0x00000000167c0000,0x00000000168c0000]
[error occurred during error reporting (printing stack bounds), id 0xc0000005]

Native frames: (J=compiled Java code, j=interpreted, Vv=VM code, C=native code)


Current CompileTask:
C2:   2481 1104       4       com.android.dx.rop.code.Rops::ropFor (771 bytes)


---------------  P R O C E S S  ---------------

Java Threads: ( => current thread )
  0x0000000016bff800 JavaThread "pool-2-thread-2" [_thread_in_Java, id=22316, stack(0x00000000172c0000,0x00000000173c0000)]
  0x0000000016b09800 JavaThread "pool-3-thread-1" [_thread_blocked, id=20180, stack(0x00000000171c0000,0x00000000172c0000)]
  0x00000000169c6000 JavaThread "Service Thread" daemon [_thread_blocked, id=20004, stack(0x0000000016ec0000,0x0000000016fc0000)]
  0x00000000169c0800 JavaThread "C1 CompilerThread2" daemon [_thread_in_native, id=12588, stack(0x0000000016dc0000,0x0000000016ec0000)]
  0x00000000151da000 JavaThread "C2 CompilerThread1" daemon [_thread_in_native, id=9384, stack(0x00000000168c0000,0x00000000169c0000)]
=>0x000000001517d000 JavaThread "C2 CompilerThread0" daemon [_thread_in_native, id=5704, stack(0x00000000167c0000,0x00000000168c0000)]
  0x000000001517b800 JavaThread "Attach Listener" daemon [_thread_blocked, id=3600, stack(0x00000000166c0000,0x00000000167c0000)]
  0x000000001517a000 JavaThread "Signal Dispatcher" daemon [_thread_blocked, id=18124, stack(0x00000000165c0000,0x00000000166c0000)]
  0x000000001516a000 JavaThread "Finalizer" daemon [_thread_blocked, id=21568, stack(0x00000000163e0000,0x00000000164e0000)]
  0x0000000015148800 JavaThread "Reference Handler" daemon [_thread_blocked, id=20508, stack(0x00000000162e0000,0x00000000163e0000)]
  0x00000000028ad800 JavaThread "main" [_thread_blocked, id=1904, stack(0x00000000028b0000,0x00000000029b0000)]

Other Threads:
  0x0000000015146800 VMThread [stack: 0x00000000161e0000,0x00000000162e0000] [id=22888]
  0x00000000169e2000 WatcherThread [stack: 0x0000000016fc0000,0x00000000170c0000] [id=19672]

VM state:not at safepoint (normal execution)

VM Mutex/Monitor currently owned by a thread: None

Heap:
 PSYoungGen      total 35328K, used 3322K [0x00000000eab00000, 0x00000000ed000000, 0x0000000100000000)
  eden space 32768K, 2% used [0x00000000eab00000,0x00000000eabc2508,0x00000000ecb00000)
  from space 2560K, 99% used [0x00000000ecd80000,0x00000000ecffc4a0,0x00000000ed000000)
  to   space 2560K, 0% used [0x00000000ecb00000,0x00000000ecb00000,0x00000000ecd80000)
 ParOldGen       total 44032K, used 8654K [0x00000000c0000000, 0x00000000c2b00000, 0x00000000eab00000)
  object space 44032K, 19% used [0x00000000c0000000,0x00000000c0873a90,0x00000000c2b00000)
 Metaspace       used 5725K, capacity 6832K, committed 7040K, reserved 1056768K
  class space    used 578K, capacity 616K, committed 640K, reserved 1048576K

Card table byte_map: [0x0000000011e70000,0x0000000012080000] byte_map_base: 0x0000000011870000

Marking Bits: (ParMarkBitMap*) 0x000000005277a6d0
 Begin Bits: [0x00000000125e0000, 0x00000000135e0000)
 End Bits:   [0x00000000135e0000, 0x00000000145e0000)

Polling page: 0x00000000027e0000

CodeCache: size=245760Kb used=4512Kb max_used=4524Kb free=241247Kb
 bounds [0x0000000002ab0000, 0x0000000002f30000, 0x0000000011ab0000]
 total_blobs=1364 nmethods=1102 adapters=175
 compilation: enabled

Compilation events (10 events):
Event: 2.319 Thread 0x00000000151da000 nmethod 1108 0x0000000002f1c650 code [0x0000000002f1c7a0, 0x0000000002f1ca18]
Event: 2.319 Thread 0x00000000151da000 1111       4       java.util.ArrayList::grow (45 bytes)
Event: 2.322 Thread 0x00000000151da000 nmethod 1111 0x0000000002f082d0 code [0x0000000002f08420, 0x0000000002f08678]
Event: 2.324 Thread 0x00000000169c0800 1114       3       com.android.dx.ssa.SsaConverter::needsNewSuccessor (53 bytes)
Event: 2.324 Thread 0x00000000169c0800 nmethod 1114 0x0000000002f0c050 code [0x0000000002f0c240, 0x0000000002f0cb98]
Event: 2.447 Thread 0x00000000151da000 1115   !   4       java.util.BitSet::clone (49 bytes)
Event: 2.450 Thread 0x00000000151da000 nmethod 1115 0x0000000002f0a650 code [0x0000000002f0a7a0, 0x0000000002f0a9b8]
Event: 2.452 Thread 0x00000000151da000 1116       4       com.android.dx.ssa.SsaConverter::needsNewSuccessor (53 bytes)
Event: 2.470 Thread 0x00000000169c0800 1117       3       com.android.dx.rop.code.RegisterSpecSet::intersect (117 bytes)
Event: 2.471 Thread 0x00000000169c0800 nmethod 1117 0x0000000002f0ae10 code [0x0000000002f0b000, 0x0000000002f0b9f8]

GC Heap History (4 events):
Event: 1.228 GC heap before
{Heap before GC invocations=1 (full 0):
 PSYoungGen      total 18944K, used 16384K [0x00000000eab00000, 0x00000000ec000000, 0x0000000100000000)
  eden space 16384K, 100% used [0x00000000eab00000,0x00000000ebb00000,0x00000000ebb00000)
  from space 2560K, 0% used [0x00000000ebd80000,0x00000000ebd80000,0x00000000ec000000)
  to   space 2560K, 0% used [0x00000000ebb00000,0x00000000ebb00000,0x00000000ebd80000)
 ParOldGen       total 44032K, used 0K [0x00000000c0000000, 0x00000000c2b00000, 0x00000000eab00000)
  object space 44032K, 0% used [0x00000000c0000000,0x00000000c0000000,0x00000000c2b00000)
 Metaspace       used 5614K, capacity 6768K, committed 7040K, reserved 1056768K
  class space    used 577K, capacity 616K, committed 640K, reserved 1048576K
Event: 1.279 GC heap after
Heap after GC invocations=1 (full 0):
 PSYoungGen      total 18944K, used 2548K [0x00000000eab00000, 0x00000000ed000000, 0x0000000100000000)
  eden space 16384K, 0% used [0x00000000eab00000,0x00000000eab00000,0x00000000ebb00000)
  from space 2560K, 99% used [0x00000000ebb00000,0x00000000ebd7d170,0x00000000ebd80000)
  to   space 2560K, 0% used [0x00000000ecd80000,0x00000000ecd80000,0x00000000ed000000)
 ParOldGen       total 44032K, used 2485K [0x00000000c0000000, 0x00000000c2b00000, 0x00000000eab00000)
  object space 44032K, 5% used [0x00000000c0000000,0x00000000c026d540,0x00000000c2b00000)
 Metaspace       used 5614K, capacity 6768K, committed 7040K, reserved 1056768K
  class space    used 577K, capacity 616K, committed 640K, reserved 1048576K
}
Event: 2.453 GC heap before
{Heap before GC invocations=2 (full 0):
 PSYoungGen      total 18944K, used 18932K [0x00000000eab00000, 0x00000000ed000000, 0x0000000100000000)
  eden space 16384K, 100% used [0x00000000eab00000,0x00000000ebb00000,0x00000000ebb00000)
  from space 2560K, 99% used [0x00000000ebb00000,0x00000000ebd7d170,0x00000000ebd80000)
  to   space 2560K, 0% used [0x00000000ecd80000,0x00000000ecd80000,0x00000000ed000000)
 ParOldGen       total 44032K, used 2485K [0x00000000c0000000, 0x00000000c2b00000, 0x00000000eab00000)
  object space 44032K, 5% used [0x00000000c0000000,0x00000000c026d540,0x00000000c2b00000)
 Metaspace       used 5720K, capacity 6832K, committed 7040K, reserved 1056768K
  class space    used 578K, capacity 616K, committed 640K, reserved 1048576K
Event: 2.469 GC heap after
Heap after GC invocations=2 (full 0):
 PSYoungGen      total 35328K, used 2545K [0x00000000eab00000, 0x00000000ed000000, 0x0000000100000000)
  eden space 32768K, 0% used [0x00000000eab00000,0x00000000eab00000,0x00000000ecb00000)
  from space 2560K, 99% used [0x00000000ecd80000,0x00000000ecffc4a0,0x00000000ed000000)
  to   space 2560K, 0% used [0x00000000ecb00000,0x00000000ecb00000,0x00000000ecd80000)
 ParOldGen       total 44032K, used 8654K [0x00000000c0000000, 0x00000000c2b00000, 0x00000000eab00000)
  object space 44032K, 19% used [0x00000000c0000000,0x00000000c0873a90,0x00000000c2b00000)
 Metaspace       used 5720K, capacity 6832K, committed 7040K, reserved 1056768K
  class space    used 578K, capacity 616K, committed 640K, reserved 1048576K
}

Deoptimization events (5 events):
Event: 0.783 Thread 0x00000000028ad800 Uncommon trap: reason=unstable_if action=reinterpret pc=0x0000000002ca1940 method=java.util.HashMap.getNode(ILjava/lang/Object;)Ljava/util/HashMap$Node; @ 62
Event: 1.098 Thread 0x0000000016bff800 Uncommon trap: reason=unstable_if action=reinterpret pc=0x0000000002d65a24 method=com.android.dx.rop.code.RegisterSpec.equals(ILcom/android/dx/rop/type/TypeBearer;Lcom/android/dx/rop/code/LocalItem;)Z @ 16
Event: 1.098 Thread 0x0000000016bff800 Uncommon trap: reason=unstable_if action=reinterpret pc=0x0000000002d3aa4c method=com.android.dx.rop.code.RegisterSpec.equals(ILcom/android/dx/rop/type/TypeBearer;Lcom/android/dx/rop/code/LocalItem;)Z @ 16
Event: 1.098 Thread 0x0000000016bff800 Uncommon trap: reason=unstable_if action=reinterpret pc=0x0000000002cf373c method=java.util.HashMap.getNode(ILjava/lang/Object;)Ljava/util/HashMap$Node; @ 62
Event: 1.103 Thread 0x0000000016bff800 Uncommon trap: reason=unstable_if action=reinterpret pc=0x0000000002d3be20 method=java.util.HashMap.getNode(ILjava/lang/Object;)Ljava/util/HashMap$Node; @ 129

Internal exceptions (2 events):
Event: 0.074 Thread 0x00000000028ad800 Exception <a 'java/lang/NoSuchMethodError': Method sun.misc.Unsafe.defineClass(Ljava/lang/String;[BII)Ljava/lang/Class; name or signature does not match> (0x00000000eab07cc0) thrown at [C:\re\workspace\8-2-build-windows-amd64-cygwin\jdk8u101\7261\hotspot\s4¬³¯æ²?
Event: 0.074 Thread 0x00000000028ad800 Exception <a 'java/lang/NoSuchMethodError': Method sun.misc.Unsafe.prefetchRead(Ljava/lang/Object;J)V name or signature does not match> (0x00000000eab07fa8) thrown at [C:\re\workspace\8-2-build-windows-amd64-cygwin\jdk8u101\7261\hotspot\src\share\vm\prims\

Events (10 events):
Event: 1.718 Thread 0x0000000016bff800 DEOPT UNPACKING pc=0x0000000002af787f sp=0x00000000173be638 mode 0
Event: 1.718 Thread 0x0000000016bff800 DEOPT PACKING pc=0x0000000002dc46ba sp=0x00000000173be8d0
Event: 1.718 Thread 0x0000000016bff800 DEOPT UNPACKING pc=0x0000000002af787f sp=0x00000000173be638 mode 0
Event: 1.719 Thread 0x0000000016bff800 DEOPT PACKING pc=0x0000000002dc46ba sp=0x00000000173be8d0
Event: 1.719 Thread 0x0000000016bff800 DEOPT UNPACKING pc=0x0000000002af787f sp=0x00000000173be638 mode 0
Event: 1.854 Thread 0x0000000016c01800 Thread exited: 0x0000000016c01800
Event: 2.324 Thread 0x0000000016bff800 DEOPT PACKING pc=0x0000000002dd9c84 sp=0x00000000173bea70
Event: 2.324 Thread 0x0000000016bff800 DEOPT UNPACKING pc=0x0000000002af787f sp=0x00000000173be798 mode 0
Event: 2.453 Executing VM operation: ParallelGCFailedAllocation
Event: 2.469 Executing VM operation: ParallelGCFailedAllocation done


Dynamic libraries:
0x00007ff78c4e0000 - 0x00007ff78c517000 	C:\Program Files\Java\jdk1.8.0_101\bin\java.exe
0x00007ffa50cd0000 - 0x00007ffa50e91000 	C:\WINDOWS\SYSTEM32\ntdll.dll
0x00007ffa4e510000 - 0x00007ffa4e5bd000 	C:\WINDOWS\system32\KERNEL32.DLL
0x00007ffa30a70000 - 0x00007ffa30aa2000 	C:\Program Files (x86)\AVG\AVG2015\avghooka.dll
0x00007ffa4d660000 - 0x00007ffa4d848000 	C:\WINDOWS\system32\KERNELBASE.dll
0x00007ffa4f000000 - 0x00007ffa4f0a7000 	C:\WINDOWS\system32\ADVAPI32.dll
0x00007ffa4f0b0000 - 0x00007ffa4f14d000 	C:\WINDOWS\system32\msvcrt.dll
0x00007ffa50bf0000 - 0x00007ffa50c4b000 	C:\WINDOWS\system32\sechost.dll
0x00007ffa4eee0000 - 0x00007ffa4effc000 	C:\WINDOWS\system32\RPCRT4.dll
0x00007ffa4ec90000 - 0x00007ffa4ede6000 	C:\WINDOWS\system32\USER32.dll
0x00007ffa4e710000 - 0x00007ffa4e896000 	C:\WINDOWS\system32\GDI32.dll
0x00007ffa337a0000 - 0x00007ffa33a14000 	C:\WINDOWS\WinSxS\amd64_microsoft.windows.common-controls_6595b64144ccf1df_6.0.10586.0_none_8c15ae12515e1c22\COMCTL32.dll
0x00007ffa4e9b0000 - 0x00007ffa4ec2d000 	C:\WINDOWS\system32\combase.dll
0x00007ffa4df00000 - 0x00007ffa4df6a000 	C:\WINDOWS\system32\bcryptPrimitives.dll
0x00007ffa4f150000 - 0x00007ffa4f18b000 	C:\WINDOWS\system32\IMM32.DLL
0x0000000052c60000 - 0x0000000052d32000 	C:\Program Files\Java\jdk1.8.0_101\jre\bin\msvcr100.dll
0x0000000051f60000 - 0x00000000527fa000 	C:\Program Files\Java\jdk1.8.0_101\jre\bin\server\jvm.dll
0x00007ffa50c50000 - 0x00007ffa50c58000 	C:\WINDOWS\system32\PSAPI.DLL
0x00007ffa40ad0000 - 0x00007ffa40ad9000 	C:\WINDOWS\SYSTEM32\WSOCK32.dll
0x00007ffa4f470000 - 0x00007ffa4f4db000 	C:\WINDOWS\system32\WS2_32.dll
0x00007ffa4b970000 - 0x00007ffa4b993000 	C:\WINDOWS\SYSTEM32\WINMM.dll
0x00007ffa4c160000 - 0x00007ffa4c16a000 	C:\WINDOWS\SYSTEM32\VERSION.dll
0x00007ffa4b940000 - 0x00007ffa4b96c000 	C:\WINDOWS\SYSTEM32\WINMMBASE.dll
0x00007ffa4d610000 - 0x00007ffa4d653000 	C:\WINDOWS\system32\cfgmgr32.dll
0x0000000052c50000 - 0x0000000052c5f000 	C:\Program Files\Java\jdk1.8.0_101\jre\bin\verify.dll
0x0000000052c20000 - 0x0000000052c49000 	C:\Program Files\Java\jdk1.8.0_101\jre\bin\java.dll
0x0000000052c00000 - 0x0000000052c16000 	C:\Program Files\Java\jdk1.8.0_101\jre\bin\zip.dll
0x00007ffa4f690000 - 0x00007ffa50bec000 	C:\WINDOWS\system32\SHELL32.dll
0x00007ffa4d8b0000 - 0x00007ffa4def4000 	C:\WINDOWS\system32\windows.storage.dll
0x00007ffa4f190000 - 0x00007ffa4f1e2000 	C:\WINDOWS\system32\shlwapi.dll
0x00007ffa4d320000 - 0x00007ffa4d32f000 	C:\WINDOWS\system32\kernel.appcore.dll
0x00007ffa4d550000 - 0x00007ffa4d605000 	C:\WINDOWS\system32\shcore.dll
0x00007ffa4d330000 - 0x00007ffa4d37b000 	C:\WINDOWS\system32\powrprof.dll
0x00007ffa4d300000 - 0x00007ffa4d314000 	C:\WINDOWS\system32\profapi.dll

VM Arguments:
jvm_args: -Djava.awt.headless=true -Xmx1024M -Dfile.encoding=windows-1252 -Duser.country=US -Duser.language=en -Duser.variant 
java_command: com.android.dx.command.Main --dex --force-jumbo --num-threads=4 --multi-dex --output C:\Users\tennkarene\AndroidStudioProjects\Calculator\app\build\intermediates\transforms\dex\debug\folders\1000\5\slice_5 C:\Users\tennkarene\AndroidStudioProjects\Calculator\app\build\intermediates\transforms\instantRunSlicer\debug\folders\1\5\slice_5
java_class_path (initial): C:\Users\tennkarene\AppData\Local\Android\sdk\build-tools\24.0.2\lib\dx.jar
Launcher Type: SUN_STANDARD

Environment Variables:
PATH=C:\ProgramData\Oracle\Java\javapath;C:\Program Files (x86)\Intel\iCLS Client\;C:\Program Files\Intel\iCLS Client\;C:\WINDOWS\system32;C:\WINDOWS;C:\WINDOWS\System32\Wbem;C:\WINDOWS\System32\WindowsPowerShell\v1.0\;C:\Program Files\Intel\Intel(R) Management Engine Components\DAL;C:\Program Files\Intel\Intel(R) Management Engine Components\IPT;C:\Program Files (x86)\Intel\Intel(R) Management Engine Components\DAL;C:\Program Files (x86)\Intel\Intel(R) Management Engine Components\IPT;C:\Program Files\Intel\WiFi\bin\;C:\Program Files\Common Files\Intel\WirelessCommon\;C:\Users\tennkarene\.dnx\bin;C:\Program Files\Microsoft DNX\Dnvm\;c:\Program Files (x86)\Microsoft SQL Server\110\Tools\Binn\;c:\Program Files\Microsoft SQL Server\110\Tools\Binn\;c:\Program Files\Microsoft SQL Server\110\DTS\Binn\;C:\Program Files (x86)\Windows Kits\8.1\Windows Performance Toolkit\;C:\Program Files (x86)\Microsoft SDKs\TypeScript\1.0\;C:\Program Files\Microsoft SQL Server\120\Tools\Binn\;C:\Program Files\jEdit;C:\Program Files\nodejs\;C:\Program Files (x86)\SSH Communications Security\SSH Secure Shell;C:\Users\tennkarene\AppData\Roaming\npm
USERNAME=tennkarene
OS=Windows_NT
PROCESSOR_IDENTIFIER=Intel64 Family 6 Model 69 Stepping 1, GenuineIntel



---------------  S Y S T E M  ---------------

OS: Windows 10.0 , 64 bit Build 10586 (10.0.10586.0)

CPU:total 4 (2 cores per cpu, 2 threads per core) family 6 model 69 stepping 1, cmov, cx8, fxsr, mmx, sse, sse2, sse3, ssse3, sse4.1, sse4.2, popcnt, avx, avx2, aes, clmul, erms, lzcnt, ht, tsc, tscinvbit, bmi1, bmi2

Memory: 4k page, physical 4113368k(408504k free), swap 11109260k(5312k free)

vm_info: Java HotSpot(TM) 64-Bit Server VM (25.101-b13) for windows-amd64 JRE (1.8.0_101-b13), built on Jun 22 2016 01:21:29 by "java_re" with MS VC++ 10.0 (VS2010)

time: Mon Sep 19 12:52:23 2016
elapsed time: 2 seconds (0d 0h 0m 2s)

