#
# There is insufficient memory for the Java Runtime Environment to continue.
# Native memory allocation (malloc) failed to allocate 171456 bytes for Chunk::new
# Possible reasons:
#   The system is out of physical RAM or swap space
#   In 32 bit mode, the process size limit was hit
# Possible solutions:
#   Reduce memory load on the system
#   Increase physical memory or swap space
#   Check if swap backing store is full
#   Use 64 bit Java on a 64 bit OS
#   Decrease Java heap size (-Xmx/-Xms)
#   Decrease number of Java threads
#   Decrease Java thread stack sizes (-Xss)
#   Set larger code cache with -XX:ReservedCodeCacheSize=
# This output file may be truncated or incomplete.
#
#  Out of Memory Error (allocation.cpp:390), pid=6932, tid=0x000000000000307c
#
# JRE version: Java(TM) SE Runtime Environment (8.0_101-b13) (build 1.8.0_101-b13)
# Java VM: Java HotSpot(TM) 64-Bit Server VM (25.101-b13 mixed mode windows-amd64 compressed oops)
# Failed to write core dump. Minidumps are not enabled by default on client versions of Windows
#

---------------  T H R E A D  ---------------

Current thread (0x0000000014eac800):  JavaThread "C2 CompilerThread0" daemon [_thread_in_native, id=12412, stack(0x0000000016400000,0x0000000016500000)]

Stack: [0x0000000016400000,0x0000000016500000]
[error occurred during error reporting (printing stack bounds), id 0xc0000005]

Native frames: (J=compiled Java code, j=interpreted, Vv=VM code, C=native code)


Current CompileTask:
C2:   2418 1222       4       com.android.dx.ssa.DeadCodeRemover::isCircularNoSideEffect (140 bytes)


---------------  P R O C E S S  ---------------

Java Threads: ( => current thread )
  0x00000000167c2000 JavaThread "pool-2-thread-4" [_thread_in_vm, id=17980, stack(0x0000000017100000,0x0000000017200000)]
  0x0000000016758000 JavaThread "pool-2-thread-3" [_thread_blocked, id=5108, stack(0x0000000017000000,0x0000000017100000)]
  0x000000001674f800 JavaThread "pool-2-thread-2" [_thread_in_Java, id=20504, stack(0x0000000016f00000,0x0000000017000000)]
  0x000000001674e800 JavaThread "pool-3-thread-1" [_thread_blocked, id=20304, stack(0x0000000016e00000,0x0000000016f00000)]
  0x0000000016735000 JavaThread "pool-2-thread-1" [_thread_in_Java, id=2708, stack(0x0000000016d00000,0x0000000016e00000)]
  0x000000001660e800 JavaThread "Service Thread" daemon [_thread_blocked, id=22184, stack(0x0000000016b00000,0x0000000016c00000)]
  0x0000000016600800 JavaThread "C1 CompilerThread2" daemon [_thread_in_vm, id=13060, stack(0x0000000016a00000,0x0000000016b00000)]
  0x0000000014eb0800 JavaThread "C2 CompilerThread1" daemon [_thread_in_native, id=19852, stack(0x0000000016500000,0x0000000016600000)]
=>0x0000000014eac800 JavaThread "C2 CompilerThread0" daemon [_thread_in_native, id=12412, stack(0x0000000016400000,0x0000000016500000)]
  0x0000000014eab000 JavaThread "Attach Listener" daemon [_thread_blocked, id=15832, stack(0x0000000016300000,0x0000000016400000)]
  0x0000000014eaa000 JavaThread "Signal Dispatcher" daemon [_thread_blocked, id=3452, stack(0x0000000016200000,0x0000000016300000)]
  0x00000000027d5000 JavaThread "Finalizer" daemon [_thread_blocked, id=22388, stack(0x0000000016100000,0x0000000016200000)]
  0x00000000027d0000 JavaThread "Reference Handler" daemon [_thread_blocked, id=6576, stack(0x0000000016000000,0x0000000016100000)]
  0x0000000000bed800 JavaThread "main" [_thread_blocked, id=23364, stack(0x00000000025e0000,0x00000000026e0000)]

Other Threads:
  0x0000000014e77800 VMThread [stack: 0x0000000015f00000,0x0000000016000000] [id=19876]
  0x000000001661b800 WatcherThread [stack: 0x0000000016c00000,0x0000000016d00000] [id=23440]

VM state:not at safepoint (normal execution)

VM Mutex/Monitor currently owned by a thread: None

Heap:
 PSYoungGen      total 18944K, used 7399K [0x00000000eab00000, 0x00000000ed000000, 0x0000000100000000)
  eden space 16384K, 29% used [0x00000000eab00000,0x00000000eafbd490,0x00000000ebb00000)
  from space 2560K, 99% used [0x00000000ebd80000,0x00000000ebffc9a0,0x00000000ec000000)
  to   space 2560K, 0% used [0x00000000ebb00000,0x00000000ebb00000,0x00000000ebd80000)
 ParOldGen       total 44032K, used 3766K [0x00000000c0000000, 0x00000000c2b00000, 0x00000000eab00000)
  object space 44032K, 8% used [0x00000000c0000000,0x00000000c03ad880,0x00000000c2b00000)
 Metaspace       used 5988K, capacity 6902K, committed 7040K, reserved 1056768K
  class space    used 603K, capacity 622K, committed 640K, reserved 1048576K

Card table byte_map: [0x0000000011ba0000,0x0000000011db0000] byte_map_base: 0x00000000115a0000

Marking Bits: (ParMarkBitMap*) 0x000000005277a6d0
 Begin Bits: [0x0000000012310000, 0x0000000013310000)
 End Bits:   [0x0000000013310000, 0x0000000014310000)

Polling page: 0x0000000000bc0000

CodeCache: size=245760Kb used=4886Kb max_used=4886Kb free=240873Kb
 bounds [0x00000000027e0000, 0x0000000002cb0000, 0x00000000117e0000]
 total_blobs=1476 nmethods=1207 adapters=182
 compilation: enabled

Compilation events (10 events):
Event: 2.407 Thread 0x0000000016600800 1199       1       com.android.dx.cf.code.ByteCatchList$Item::getStartPc (5 bytes)
Event: 2.407 Thread 0x0000000016600800 nmethod 1199 0x0000000002ca1250 code [0x0000000002ca13a0, 0x0000000002ca14b0]
Event: 2.407 Thread 0x0000000016600800 1200       1       com.android.dx.cf.code.ByteCatchList$Item::getEndPc (5 bytes)
Event: 2.408 Thread 0x0000000016600800 nmethod 1200 0x0000000002ca1510 code [0x0000000002ca1660, 0x0000000002ca1770]
Event: 2.409 Thread 0x0000000016600800 1225       3       java.util.HashMap$HashIterator::nextNode (100 bytes)
Event: 2.410 Thread 0x0000000016600800 nmethod 1225 0x0000000002ca17d0 code [0x0000000002ca1980, 0x0000000002ca1e58]
Event: 2.411 Thread 0x0000000016600800 1226       3       com.android.dx.cf.code.LocalVariableList$Item::matchesAllButType (53 bytes)
Event: 2.412 Thread 0x0000000016600800 nmethod 1226 0x0000000002ca2090 code [0x0000000002ca2220, 0x0000000002ca2768]
Event: 2.412 Thread 0x0000000016600800 1227       3       com.android.dx.rop.code.Rops::opMoveParam (69 bytes)
Event: 2.413 Thread 0x0000000016600800 nmethod 1227 0x0000000002ca28d0 code [0x0000000002ca2b00, 0x0000000002ca36d8]

GC Heap History (4 events):
Event: 1.217 GC heap before
{Heap before GC invocations=1 (full 0):
 PSYoungGen      total 18944K, used 16384K [0x00000000eab00000, 0x00000000ec000000, 0x0000000100000000)
  eden space 16384K, 100% used [0x00000000eab00000,0x00000000ebb00000,0x00000000ebb00000)
  from space 2560K, 0% used [0x00000000ebd80000,0x00000000ebd80000,0x00000000ec000000)
  to   space 2560K, 0% used [0x00000000ebb00000,0x00000000ebb00000,0x00000000ebd80000)
 ParOldGen       total 44032K, used 0K [0x00000000c0000000, 0x00000000c2b00000, 0x00000000eab00000)
  object space 44032K, 0% used [0x00000000c0000000,0x00000000c0000000,0x00000000c2b00000)
 Metaspace       used 5765K, capacity 6768K, committed 7040K, reserved 1056768K
  class space    used 595K, capacity 616K, committed 640K, reserved 1048576K
Event: 1.225 GC heap after
Heap after GC invocations=1 (full 0):
 PSYoungGen      total 18944K, used 2554K [0x00000000eab00000, 0x00000000ec000000, 0x0000000100000000)
  eden space 16384K, 0% used [0x00000000eab00000,0x00000000eab00000,0x00000000ebb00000)
  from space 2560K, 99% used [0x00000000ebb00000,0x00000000ebd7ea80,0x00000000ebd80000)
  to   space 2560K, 0% used [0x00000000ebd80000,0x00000000ebd80000,0x00000000ec000000)
 ParOldGen       total 44032K, used 1986K [0x00000000c0000000, 0x00000000c2b00000, 0x00000000eab00000)
  object space 44032K, 4% used [0x00000000c0000000,0x00000000c01f0b60,0x00000000c2b00000)
 Metaspace       used 5765K, capacity 6768K, committed 7040K, reserved 1056768K
  class space    used 595K, capacity 616K, committed 640K, reserved 1048576K
}
Event: 2.304 GC heap before
{Heap before GC invocations=2 (full 0):
 PSYoungGen      total 18944K, used 18938K [0x00000000eab00000, 0x00000000ec000000, 0x0000000100000000)
  eden space 16384K, 100% used [0x00000000eab00000,0x00000000ebb00000,0x00000000ebb00000)
  from space 2560K, 99% used [0x00000000ebb00000,0x00000000ebd7ea80,0x00000000ebd80000)
  to   space 2560K, 0% used [0x00000000ebd80000,0x00000000ebd80000,0x00000000ec000000)
 ParOldGen       total 44032K, used 1986K [0x00000000c0000000, 0x00000000c2b00000, 0x00000000eab00000)
  object space 44032K, 4% used [0x00000000c0000000,0x00000000c01f0b60,0x00000000c2b00000)
 Metaspace       used 5973K, capacity 6902K, committed 7040K, reserved 1056768K
  class space    used 603K, capacity 622K, committed 640K, reserved 1048576K
Event: 2.322 GC heap after
Heap after GC invocations=2 (full 0):
 PSYoungGen      total 18944K, used 2546K [0x00000000eab00000, 0x00000000ed000000, 0x0000000100000000)
  eden space 16384K, 0% used [0x00000000eab00000,0x00000000eab00000,0x00000000ebb00000)
  from space 2560K, 99% used [0x00000000ebd80000,0x00000000ebffc9a0,0x00000000ec000000)
  to   space 2560K, 0% used [0x00000000ebb00000,0x00000000ebb00000,0x00000000ebd80000)
 ParOldGen       total 44032K, used 3766K [0x00000000c0000000, 0x00000000c2b00000, 0x00000000eab00000)
  object space 44032K, 8% used [0x00000000c0000000,0x00000000c03ad880,0x00000000c2b00000)
 Metaspace       used 5973K, capacity 6902K, committed 7040K, reserved 1056768K
  class space    used 603K, capacity 622K, committed 640K, reserved 1048576K
}

Deoptimization events (9 events):
Event: 1.232 Thread 0x0000000000bed800 Uncommon trap: reason=class_check action=maybe_recompile pc=0x0000000002a20df0 method=com.android.dx.ssa.NormalSsaInsn.accept(Lcom/android/dx/ssa/SsaInsn$Visitor;)V @ 9
Event: 1.233 Thread 0x0000000000bed800 Uncommon trap: reason=class_check action=maybe_recompile pc=0x0000000002b1b278 method=com.android.dx.ssa.NormalSsaInsn.accept(Lcom/android/dx/ssa/SsaInsn$Visitor;)V @ 9
Event: 1.233 Thread 0x0000000000bed800 Uncommon trap: reason=class_check action=maybe_recompile pc=0x0000000002b1b278 method=com.android.dx.ssa.NormalSsaInsn.accept(Lcom/android/dx/ssa/SsaInsn$Visitor;)V @ 9
Event: 1.234 Thread 0x0000000000bed800 Uncommon trap: reason=class_check action=maybe_recompile pc=0x0000000002b1b278 method=com.android.dx.ssa.NormalSsaInsn.accept(Lcom/android/dx/ssa/SsaInsn$Visitor;)V @ 9
Event: 1.234 Thread 0x0000000000bed800 Uncommon trap: reason=class_check action=maybe_recompile pc=0x0000000002a20df0 method=com.android.dx.ssa.NormalSsaInsn.accept(Lcom/android/dx/ssa/SsaInsn$Visitor;)V @ 9
Event: 1.525 Thread 0x0000000016735000 Uncommon trap: reason=null_check action=make_not_entrant pc=0x0000000002b5e59c method=com.android.dx.ssa.SsaRenamer.getLocalForNewReg(I)Lcom/android/dx/rop/code/LocalItem; @ 19
Event: 2.045 Thread 0x000000001674f800 Uncommon trap: reason=bimorphic action=maybe_recompile pc=0x00000000029e0d24 method=java.util.HashMap.getNode(ILjava/lang/Object;)Ljava/util/HashMap$Node; @ 126
Event: 2.073 Thread 0x000000001674f800 Uncommon trap: reason=class_check action=maybe_recompile pc=0x0000000002b64ea4 method=java.util.HashMap.putVal(ILjava/lang/Object;Ljava/lang/Object;ZZ)Ljava/lang/Object; @ 203
Event: 2.367 Thread 0x0000000016758000 Uncommon trap: reason=null_check action=make_not_entrant pc=0x0000000002b6ac7c method=com.android.dx.ssa.SsaRenamer.getLocalForNewReg(I)Lcom/android/dx/rop/code/LocalItem; @ 19

Internal exceptions (4 events):
Event: 0.062 Thread 0x0000000000bed800 Exception <a 'java/lang/NoSuchMethodError': Method sun.misc.Unsafe.defineClass(Ljava/lang/String;[BII)Ljava/lang/Class; name or signature does not match> (0x00000000eab07cc0) thrown at [C:\re\workspace\8-2-build-windows-amd64-cygwin\jdk8u101\7261\hotspot\sS\–½Þ¹¯?
Event: 0.062 Thread 0x0000000000bed800 Exception <a 'java/lang/NoSuchMethodError': Method sun.misc.Unsafe.prefetchRead(Ljava/lang/Object;J)V name or signature does not match> (0x00000000eab07fa8) thrown at [C:\re\workspace\8-2-build-windows-amd64-cygwin\jdk8u101\7261\hotspot\src\share\vm\prims\Bèøø_gø?
Event: 1.525 Thread 0x0000000016735000 Implicit null exception at 0x0000000002b5c183 to 0x0000000002b5e561
Event: 2.367 Thread 0x0000000016758000 Implicit null exception at 0x0000000002b68a0a to 0x0000000002b6ac5d

Events (10 events):
Event: 2.200 Thread 0x0000000016758000 DEOPT UNPACKING pc=0x000000000282787f sp=0x00000000170fe6f0 mode 0
Event: 2.225 Thread 0x0000000016735000 DEOPT PACKING pc=0x0000000002b3f8e5 sp=0x0000000016dfec90
Event: 2.225 Thread 0x0000000016735000 DEOPT UNPACKING pc=0x000000000282787f sp=0x0000000016dfea70 mode 0
Event: 2.254 Executing VM operation: ParallelGCFailedAllocation
Event: 2.322 Executing VM operation: ParallelGCFailedAllocation done
Event: 2.367 Thread 0x0000000016758000 Uncommon trap: trap_request=0xfffffff4 fr.pc=0x0000000002b6ac7c
Event: 2.367 Thread 0x0000000016758000 DEOPT PACKING pc=0x0000000002b6ac7c sp=0x00000000170fe790
Event: 2.367 Thread 0x0000000016758000 DEOPT UNPACKING pc=0x000000000282582a sp=0x00000000170fe658 mode 2
Event: 2.370 Thread 0x000000001674f800 DEOPT PACKING pc=0x0000000002b222ba sp=0x0000000016ffe4d0
Event: 2.370 Thread 0x000000001674f800 DEOPT UNPACKING pc=0x000000000282787f sp=0x0000000016ffe238 mode 0


Dynamic libraries:
0x00007ff78c4e0000 - 0x00007ff78c517000 	C:\Program Files\Java\jdk1.8.0_101\bin\java.exe
0x00007ffa50cd0000 - 0x00007ffa50e91000 	C:\WINDOWS\SYSTEM32\ntdll.dll
0x00007ffa4e510000 - 0x00007ffa4e5bd000 	C:\WINDOWS\system32\KERNEL32.DLL
0x00007ffa30a70000 - 0x00007ffa30aa2000 	C:\Program Files (x86)\AVG\AVG2015\avghooka.dll
0x00007ffa4d660000 - 0x00007ffa4d848000 	C:\WINDOWS\system32\KERNELBASE.dll
0x00007ffa4f000000 - 0x00007ffa4f0a7000 	C:\WINDOWS\system32\ADVAPI32.dll
0x00007ffa4f0b0000 - 0x00007ffa4f14d000 	C:\WINDOWS\system32\msvcrt.dll
0x00007ffa50bf0000 - 0x00007ffa50c4b000 	C:\WINDOWS\system32\sechost.dll
0x00007ffa4eee0000 - 0x00007ffa4effc000 	C:\WINDOWS\system32\RPCRT4.dll
0x00007ffa4ec90000 - 0x00007ffa4ede6000 	C:\WINDOWS\system32\USER32.dll
0x00007ffa4e710000 - 0x00007ffa4e896000 	C:\WINDOWS\system32\GDI32.dll
0x00007ffa337a0000 - 0x00007ffa33a14000 	C:\WINDOWS\WinSxS\amd64_microsoft.windows.common-controls_6595b64144ccf1df_6.0.10586.0_none_8c15ae12515e1c22\COMCTL32.dll
0x00007ffa4e9b0000 - 0x00007ffa4ec2d000 	C:\WINDOWS\system32\combase.dll
0x00007ffa4df00000 - 0x00007ffa4df6a000 	C:\WINDOWS\system32\bcryptPrimitives.dll
0x00007ffa4f150000 - 0x00007ffa4f18b000 	C:\WINDOWS\system32\IMM32.DLL
0x0000000052c60000 - 0x0000000052d32000 	C:\Program Files\Java\jdk1.8.0_101\jre\bin\msvcr100.dll
0x0000000051f60000 - 0x00000000527fa000 	C:\Program Files\Java\jdk1.8.0_101\jre\bin\server\jvm.dll
0x00007ffa50c50000 - 0x00007ffa50c58000 	C:\WINDOWS\system32\PSAPI.DLL
0x00007ffa40ad0000 - 0x00007ffa40ad9000 	C:\WINDOWS\SYSTEM32\WSOCK32.dll
0x00007ffa4f470000 - 0x00007ffa4f4db000 	C:\WINDOWS\system32\WS2_32.dll
0x00007ffa4b970000 - 0x00007ffa4b993000 	C:\WINDOWS\SYSTEM32\WINMM.dll
0x00007ffa4c160000 - 0x00007ffa4c16a000 	C:\WINDOWS\SYSTEM32\VERSION.dll
0x00007ffa4b940000 - 0x00007ffa4b96c000 	C:\WINDOWS\SYSTEM32\WINMMBASE.dll
0x00007ffa4d610000 - 0x00007ffa4d653000 	C:\WINDOWS\system32\cfgmgr32.dll
0x0000000052c50000 - 0x0000000052c5f000 	C:\Program Files\Java\jdk1.8.0_101\jre\bin\verify.dll
0x0000000052c20000 - 0x0000000052c49000 	C:\Program Files\Java\jdk1.8.0_101\jre\bin\java.dll
0x0000000052c00000 - 0x0000000052c16000 	C:\Program Files\Java\jdk1.8.0_101\jre\bin\zip.dll
0x00007ffa4f690000 - 0x00007ffa50bec000 	C:\WINDOWS\system32\SHELL32.dll
0x00007ffa4d8b0000 - 0x00007ffa4def4000 	C:\WINDOWS\system32\windows.storage.dll
0x00007ffa4f190000 - 0x00007ffa4f1e2000 	C:\WINDOWS\system32\shlwapi.dll
0x00007ffa4d320000 - 0x00007ffa4d32f000 	C:\WINDOWS\system32\kernel.appcore.dll
0x00007ffa4d550000 - 0x00007ffa4d605000 	C:\WINDOWS\system32\shcore.dll
0x00007ffa4d330000 - 0x00007ffa4d37b000 	C:\WINDOWS\system32\powrprof.dll
0x00007ffa4d300000 - 0x00007ffa4d314000 	C:\WINDOWS\system32\profapi.dll

VM Arguments:
jvm_args: -Djava.awt.headless=true -Xmx1024M -Dfile.encoding=windows-1252 -Duser.country=US -Duser.language=en -Duser.variant 
java_command: com.android.dx.command.Main --dex --force-jumbo --num-threads=4 --multi-dex --output C:\Users\tennkarene\AndroidStudioProjects\Calculator\app\build\intermediates\transforms\dex\debug\folders\1000\10\instant-run_0cbd5c7e067e6a90b797cfebecbbece6ca0a18a6 C:\Users\tennkarene\AndroidStudioProjects\Calculator\app\build\intermediates\incremental-runtime-classes\debug\instant-run.jar
java_class_path (initial): C:\Users\tennkarene\AppData\Local\Android\sdk\build-tools\24.0.2\lib\dx.jar
Launcher Type: SUN_STANDARD

Environment Variables:
PATH=C:\ProgramData\Oracle\Java\javapath;C:\Program Files (x86)\Intel\iCLS Client\;C:\Program Files\Intel\iCLS Client\;C:\WINDOWS\system32;C:\WINDOWS;C:\WINDOWS\System32\Wbem;C:\WINDOWS\System32\WindowsPowerShell\v1.0\;C:\Program Files\Intel\Intel(R) Management Engine Components\DAL;C:\Program Files\Intel\Intel(R) Management Engine Components\IPT;C:\Program Files (x86)\Intel\Intel(R) Management Engine Components\DAL;C:\Program Files (x86)\Intel\Intel(R) Management Engine Components\IPT;C:\Program Files\Intel\WiFi\bin\;C:\Program Files\Common Files\Intel\WirelessCommon\;C:\Users\tennkarene\.dnx\bin;C:\Program Files\Microsoft DNX\Dnvm\;c:\Program Files (x86)\Microsoft SQL Server\110\Tools\Binn\;c:\Program Files\Microsoft SQL Server\110\Tools\Binn\;c:\Program Files\Microsoft SQL Server\110\DTS\Binn\;C:\Program Files (x86)\Windows Kits\8.1\Windows Performance Toolkit\;C:\Program Files (x86)\Microsoft SDKs\TypeScript\1.0\;C:\Program Files\Microsoft SQL Server\120\Tools\Binn\;C:\Program Files\jEdit;C:\Program Files\nodejs\;C:\Program Files (x86)\SSH Communications Security\SSH Secure Shell;C:\Users\tennkarene\AppData\Roaming\npm
USERNAME=tennkarene
OS=Windows_NT
PROCESSOR_IDENTIFIER=Intel64 Family 6 Model 69 Stepping 1, GenuineIntel



---------------  S Y S T E M  ---------------

OS: Windows 10.0 , 64 bit Build 10586 (10.0.10586.0)

CPU:total 4 (2 cores per cpu, 2 threads per core) family 6 model 69 stepping 1, cmov, cx8, fxsr, mmx, sse, sse2, sse3, ssse3, sse4.1, sse4.2, popcnt, avx, avx2, aes, clmul, erms, lzcnt, ht, tsc, tscinvbit, bmi1, bmi2

Memory: 4k page, physical 4113368k(413780k free), swap 11109260k(5716k free)

vm_info: Java HotSpot(TM) 64-Bit Server VM (25.101-b13) for windows-amd64 JRE (1.8.0_101-b13), built on Jun 22 2016 01:21:29 by "java_re" with MS VC++ 10.0 (VS2010)

time: Mon Sep 19 12:52:23 2016
elapsed time: 2 seconds (0d 0h 0m 2s)

