#
# There is insufficient memory for the Java Runtime Environment to continue.
# Native memory allocation (malloc) failed to allocate 576496 bytes for Chunk::new
# Possible reasons:
#   The system is out of physical RAM or swap space
#   In 32 bit mode, the process size limit was hit
# Possible solutions:
#   Reduce memory load on the system
#   Increase physical memory or swap space
#   Check if swap backing store is full
#   Use 64 bit Java on a 64 bit OS
#   Decrease Java heap size (-Xmx/-Xms)
#   Decrease number of Java threads
#   Decrease Java thread stack sizes (-Xss)
#   Set larger code cache with -XX:ReservedCodeCacheSize=
# This output file may be truncated or incomplete.
#
#  Out of Memory Error (allocation.cpp:390), pid=12660, tid=0x000000000000556c
#
# JRE version: Java(TM) SE Runtime Environment (8.0_101-b13) (build 1.8.0_101-b13)
# Java VM: Java HotSpot(TM) 64-Bit Server VM (25.101-b13 mixed mode windows-amd64 compressed oops)
# Failed to write core dump. Minidumps are not enabled by default on client versions of Windows
#

---------------  T H R E A D  ---------------

Current thread (0x0000000014f01800):  JavaThread "C2 CompilerThread1" daemon [_thread_in_native, id=21868, stack(0x0000000016630000,0x0000000016730000)]

Stack: [0x0000000016630000,0x0000000016730000]
[error occurred during error reporting (printing stack bounds), id 0xc0000005]

Native frames: (J=compiled Java code, j=interpreted, Vv=VM code, C=native code)


Current CompileTask:
C2:   3176 1667       4       com.android.dx.ssa.LocalVariableExtractor::processBlock (383 bytes)


---------------  P R O C E S S  ---------------

Java Threads: ( => current thread )
  0x0000000016993000 JavaThread "pool-1-thread-1" [_thread_in_Java, id=4864, stack(0x0000000019ad0000,0x0000000019bd0000)]
  0x0000000014f5d000 JavaThread "Service Thread" daemon [_thread_blocked, id=18928, stack(0x0000000016c30000,0x0000000016d30000)]
  0x0000000016738800 JavaThread "C1 CompilerThread2" daemon [_thread_blocked, id=22856, stack(0x0000000016b30000,0x0000000016c30000)]
=>0x0000000014f01800 JavaThread "C2 CompilerThread1" daemon [_thread_in_native, id=21868, stack(0x0000000016630000,0x0000000016730000)]
  0x0000000014efe000 JavaThread "C2 CompilerThread0" daemon [_thread_in_native, id=15464, stack(0x0000000016530000,0x0000000016630000)]
  0x0000000014efc800 JavaThread "Attach Listener" daemon [_thread_blocked, id=20416, stack(0x0000000016430000,0x0000000016530000)]
  0x0000000014efb000 JavaThread "Signal Dispatcher" daemon [_thread_blocked, id=20600, stack(0x0000000016330000,0x0000000016430000)]
  0x0000000014eea000 JavaThread "Finalizer" daemon [_thread_blocked, id=5196, stack(0x0000000016150000,0x0000000016250000)]
  0x0000000014ec9000 JavaThread "Reference Handler" daemon [_thread_blocked, id=6944, stack(0x0000000016050000,0x0000000016150000)]
  0x000000000262d800 JavaThread "main" [_thread_blocked, id=19420, stack(0x0000000002630000,0x0000000002730000)]

Other Threads:
  0x0000000014ec6800 VMThread [stack: 0x0000000015f50000,0x0000000016050000] [id=14452]
  0x0000000016743000 WatcherThread [stack: 0x0000000016d30000,0x0000000016e30000] [id=7028]

VM state:not at safepoint (normal execution)

VM Mutex/Monitor currently owned by a thread: None

Heap:
 PSYoungGen      total 35328K, used 8522K [0x00000000eab00000, 0x00000000efb00000, 0x0000000100000000)
  eden space 32768K, 18% used [0x00000000eab00000,0x00000000eb0d6a78,0x00000000ecb00000)
  from space 2560K, 99% used [0x00000000ecb00000,0x00000000ecd7c028,0x00000000ecd80000)
  to   space 8192K, 0% used [0x00000000ef300000,0x00000000ef300000,0x00000000efb00000)
 ParOldGen       total 44032K, used 15278K [0x00000000c0000000, 0x00000000c2b00000, 0x00000000eab00000)
  object space 44032K, 34% used [0x00000000c0000000,0x00000000c0eeb968,0x00000000c2b00000)
 Metaspace       used 6334K, capacity 7160K, committed 7296K, reserved 1056768K
  class space    used 612K, capacity 624K, committed 640K, reserved 1048576K

Card table byte_map: [0x0000000011bf0000,0x0000000011e00000] byte_map_base: 0x00000000115f0000

Marking Bits: (ParMarkBitMap*) 0x000000005277a6d0
 Begin Bits: [0x0000000012360000, 0x0000000013360000)
 End Bits:   [0x0000000013360000, 0x0000000014360000)

Polling page: 0x0000000000db0000

CodeCache: size=245760Kb used=6618Kb max_used=6618Kb free=239142Kb
 bounds [0x0000000002830000, 0x0000000002eb0000, 0x0000000011830000]
 total_blobs=1969 nmethods=1700 adapters=182
 compilation: enabled

Compilation events (10 events):
Event: 3.171 Thread 0x0000000016738800 1723       2       com.android.dx.dex.code.OutputFinisher::addConstants (68 bytes)
Event: 3.172 Thread 0x0000000016738800 nmethod 1723 0x0000000002eab010 code [0x0000000002eab1c0, 0x0000000002eab468]
Event: 3.172 Thread 0x0000000016738800 1725       1       com.android.dx.rop.code.LocalItem::getSignature (5 bytes)
Event: 3.172 Thread 0x0000000016738800 nmethod 1725 0x0000000002eab6d0 code [0x0000000002eab820, 0x0000000002eab930]
Event: 3.172 Thread 0x0000000016738800 1727       1       com.android.dx.dex.code.CstInsn::getConstant (5 bytes)
Event: 3.172 Thread 0x0000000016738800 nmethod 1727 0x0000000002eab990 code [0x0000000002eabae0, 0x0000000002eabbf0]
Event: 3.172 Thread 0x0000000016738800 1726       1       com.android.dx.dex.code.LocalStart::getLocal (5 bytes)
Event: 3.172 Thread 0x0000000016738800 nmethod 1726 0x0000000002eabc50 code [0x0000000002eabda0, 0x0000000002eabeb0]
Event: 3.173 Thread 0x0000000016738800 1728       2       java.util.HashMap$KeyIterator::next (8 bytes)
Event: 3.173 Thread 0x0000000016738800 nmethod 1728 0x0000000002eabf10 code [0x0000000002eac080, 0x0000000002eac208]

GC Heap History (10 events):
Event: 1.826 GC heap before
{Heap before GC invocations=1 (full 0):
 PSYoungGen      total 18944K, used 16384K [0x00000000eab00000, 0x00000000ec000000, 0x0000000100000000)
  eden space 16384K, 100% used [0x00000000eab00000,0x00000000ebb00000,0x00000000ebb00000)
  from space 2560K, 0% used [0x00000000ebd80000,0x00000000ebd80000,0x00000000ec000000)
  to   space 2560K, 0% used [0x00000000ebb00000,0x00000000ebb00000,0x00000000ebd80000)
 ParOldGen       total 44032K, used 0K [0x00000000c0000000, 0x00000000c2b00000, 0x00000000eab00000)
  object space 44032K, 0% used [0x00000000c0000000,0x00000000c0000000,0x00000000c2b00000)
 Metaspace       used 5708K, capacity 6704K, committed 6784K, reserved 1056768K
  class space    used 600K, capacity 616K, committed 640K, reserved 1048576K
Event: 1.839 GC heap after
Heap after GC invocations=1 (full 0):
 PSYoungGen      total 18944K, used 2538K [0x00000000eab00000, 0x00000000ec000000, 0x0000000100000000)
  eden space 16384K, 0% used [0x00000000eab00000,0x00000000eab00000,0x00000000ebb00000)
  from space 2560K, 99% used [0x00000000ebb00000,0x00000000ebd7aac8,0x00000000ebd80000)
  to   space 2560K, 0% used [0x00000000ebd80000,0x00000000ebd80000,0x00000000ec000000)
 ParOldGen       total 44032K, used 1620K [0x00000000c0000000, 0x00000000c2b00000, 0x00000000eab00000)
  object space 44032K, 3% used [0x00000000c0000000,0x00000000c0195250,0x00000000c2b00000)
 Metaspace       used 5708K, capacity 6704K, committed 6784K, reserved 1056768K
  class space    used 600K, capacity 616K, committed 640K, reserved 1048576K
}
Event: 2.217 GC heap before
{Heap before GC invocations=2 (full 0):
 PSYoungGen      total 18944K, used 18922K [0x00000000eab00000, 0x00000000ec000000, 0x0000000100000000)
  eden space 16384K, 100% used [0x00000000eab00000,0x00000000ebb00000,0x00000000ebb00000)
  from space 2560K, 99% used [0x00000000ebb00000,0x00000000ebd7aac8,0x00000000ebd80000)
  to   space 2560K, 0% used [0x00000000ebd80000,0x00000000ebd80000,0x00000000ec000000)
 ParOldGen       total 44032K, used 1620K [0x00000000c0000000, 0x00000000c2b00000, 0x00000000eab00000)
  object space 44032K, 3% used [0x00000000c0000000,0x00000000c0195250,0x00000000c2b00000)
 Metaspace       used 5980K, capacity 6898K, committed 7040K, reserved 1056768K
  class space    used 603K, capacity 618K, committed 640K, reserved 1048576K
Event: 2.225 GC heap after
Heap after GC invocations=2 (full 0):
 PSYoungGen      total 18944K, used 2538K [0x00000000eab00000, 0x00000000ed000000, 0x0000000100000000)
  eden space 16384K, 0% used [0x00000000eab00000,0x00000000eab00000,0x00000000ebb00000)
  from space 2560K, 99% used [0x00000000ebd80000,0x00000000ebffaab8,0x00000000ec000000)
  to   space 2560K, 0% used [0x00000000ebb00000,0x00000000ebb00000,0x00000000ebd80000)
 ParOldGen       total 44032K, used 3757K [0x00000000c0000000, 0x00000000c2b00000, 0x00000000eab00000)
  object space 44032K, 8% used [0x00000000c0000000,0x00000000c03ab608,0x00000000c2b00000)
 Metaspace       used 5980K, capacity 6898K, committed 7040K, reserved 1056768K
  class space    used 603K, capacity 618K, committed 640K, reserved 1048576K
}
Event: 2.490 GC heap before
{Heap before GC invocations=3 (full 0):
 PSYoungGen      total 18944K, used 18922K [0x00000000eab00000, 0x00000000ed000000, 0x0000000100000000)
  eden space 16384K, 100% used [0x00000000eab00000,0x00000000ebb00000,0x00000000ebb00000)
  from space 2560K, 99% used [0x00000000ebd80000,0x00000000ebffaab8,0x00000000ec000000)
  to   space 2560K, 0% used [0x00000000ebb00000,0x00000000ebb00000,0x00000000ebd80000)
 ParOldGen       total 44032K, used 3757K [0x00000000c0000000, 0x00000000c2b00000, 0x00000000eab00000)
  object space 44032K, 8% used [0x00000000c0000000,0x00000000c03ab608,0x00000000c2b00000)
 Metaspace       used 6103K, capacity 7026K, committed 7296K, reserved 1056768K
  class space    used 603K, capacity 618K, committed 640K, reserved 1048576K
Event: 2.517 GC heap after
Heap after GC invocations=3 (full 0):
 PSYoungGen      total 18944K, used 2545K [0x00000000eab00000, 0x00000000ed000000, 0x0000000100000000)
  eden space 16384K, 0% used [0x00000000eab00000,0x00000000eab00000,0x00000000ebb00000)
  from space 2560K, 99% used [0x00000000ebb00000,0x00000000ebd7c6d0,0x00000000ebd80000)
  to   space 2560K, 0% used [0x00000000ecd80000,0x00000000ecd80000,0x00000000ed000000)
 ParOldGen       total 44032K, used 6543K [0x00000000c0000000, 0x00000000c2b00000, 0x00000000eab00000)
  object space 44032K, 14% used [0x00000000c0000000,0x00000000c0663d58,0x00000000c2b00000)
 Metaspace       used 6103K, capacity 7026K, committed 7296K, reserved 1056768K
  class space    used 603K, capacity 618K, committed 640K, reserved 1048576K
}
Event: 2.680 GC heap before
{Heap before GC invocations=4 (full 0):
 PSYoungGen      total 18944K, used 18929K [0x00000000eab00000, 0x00000000ed000000, 0x0000000100000000)
  eden space 16384K, 100% used [0x00000000eab00000,0x00000000ebb00000,0x00000000ebb00000)
  from space 2560K, 99% used [0x00000000ebb00000,0x00000000ebd7c6d0,0x00000000ebd80000)
  to   space 2560K, 0% used [0x00000000ecd80000,0x00000000ecd80000,0x00000000ed000000)
 ParOldGen       total 44032K, used 6543K [0x00000000c0000000, 0x00000000c2b00000, 0x00000000eab00000)
  object space 44032K, 14% used [0x00000000c0000000,0x00000000c0663d58,0x00000000c2b00000)
 Metaspace       used 6197K, capacity 7090K, committed 7296K, reserved 1056768K
  class space    used 604K, capacity 618K, committed 640K, reserved 1048576K
Event: 2.726 GC heap after
Heap after GC invocations=4 (full 0):
 PSYoungGen      total 35328K, used 2545K [0x00000000eab00000, 0x00000000ed000000, 0x0000000100000000)
  eden space 32768K, 0% used [0x00000000eab00000,0x00000000eab00000,0x00000000ecb00000)
  from space 2560K, 99% used [0x00000000ecd80000,0x00000000ecffc6c0,0x00000000ed000000)
  to   space 2560K, 0% used [0x00000000ecb00000,0x00000000ecb00000,0x00000000ecd80000)
 ParOldGen       total 44032K, used 10036K [0x00000000c0000000, 0x00000000c2b00000, 0x00000000eab00000)
  object space 44032K, 22% used [0x00000000c0000000,0x00000000c09cd148,0x00000000c2b00000)
 Metaspace       used 6197K, capacity 7090K, committed 7296K, reserved 1056768K
  class space    used 604K, capacity 618K, committed 640K, reserved 1048576K
}
Event: 3.052 GC heap before
{Heap before GC invocations=5 (full 0):
 PSYoungGen      total 35328K, used 35313K [0x00000000eab00000, 0x00000000ed000000, 0x0000000100000000)
  eden space 32768K, 100% used [0x00000000eab00000,0x00000000ecb00000,0x00000000ecb00000)
  from space 2560K, 99% used [0x00000000ecd80000,0x00000000ecffc6c0,0x00000000ed000000)
  to   space 2560K, 0% used [0x00000000ecb00000,0x00000000ecb00000,0x00000000ecd80000)
 ParOldGen       total 44032K, used 10036K [0x00000000c0000000, 0x00000000c2b00000, 0x00000000eab00000)
  object space 44032K, 22% used [0x00000000c0000000,0x00000000c09cd148,0x00000000c2b00000)
 Metaspace       used 6265K, capacity 7156K, committed 7296K, reserved 1056768K
  class space    used 606K, capacity 620K, committed 640K, reserved 1048576K
Event: 3.078 GC heap after
Heap after GC invocations=5 (full 0):
 PSYoungGen      total 35328K, used 2544K [0x00000000eab00000, 0x00000000efb00000, 0x0000000100000000)
  eden space 32768K, 0% used [0x00000000eab00000,0x00000000eab00000,0x00000000ecb00000)
  from space 2560K, 99% used [0x00000000ecb00000,0x00000000ecd7c028,0x00000000ecd80000)
  to   space 8192K, 0% used [0x00000000ef300000,0x00000000ef300000,0x00000000efb00000)
 ParOldGen       total 44032K, used 15278K [0x00000000c0000000, 0x00000000c2b00000, 0x00000000eab00000)
  object space 44032K, 34% used [0x00000000c0000000,0x00000000c0eeb968,0x00000000c2b00000)
 Metaspace       used 6265K, capacity 7156K, committed 7296K, reserved 1056768K
  class space    used 606K, capacity 620K, committed 640K, reserved 1048576K
}

Deoptimization events (10 events):
Event: 3.155 Thread 0x0000000016993000 Uncommon trap: reason=class_check action=maybe_recompile pc=0x0000000002c0a208 method=java.util.Arrays.hashCode([Ljava/lang/Object;)I @ 43
Event: 3.155 Thread 0x0000000016993000 Uncommon trap: reason=class_check action=maybe_recompile pc=0x0000000002c0a208 method=java.util.Arrays.hashCode([Ljava/lang/Object;)I @ 43
Event: 3.155 Thread 0x0000000016993000 Uncommon trap: reason=class_check action=maybe_recompile pc=0x0000000002c0a208 method=java.util.Arrays.hashCode([Ljava/lang/Object;)I @ 43
Event: 3.155 Thread 0x0000000016993000 Uncommon trap: reason=class_check action=maybe_recompile pc=0x0000000002c0a208 method=java.util.Arrays.hashCode([Ljava/lang/Object;)I @ 43
Event: 3.165 Thread 0x0000000016993000 Uncommon trap: reason=bimorphic action=maybe_recompile pc=0x0000000002c71168 method=java.util.HashMap.putVal(ILjava/lang/Object;Ljava/lang/Object;ZZ)Ljava/lang/Object; @ 91
Event: 3.166 Thread 0x0000000016993000 Uncommon trap: reason=bimorphic action=maybe_recompile pc=0x0000000002a79e6c method=java.util.HashMap.getNode(ILjava/lang/Object;)Ljava/util/HashMap$Node; @ 126
Event: 3.166 Thread 0x0000000016993000 Uncommon trap: reason=bimorphic action=maybe_recompile pc=0x0000000002a79e6c method=java.util.HashMap.getNode(ILjava/lang/Object;)Ljava/util/HashMap$Node; @ 126
Event: 3.166 Thread 0x0000000016993000 Uncommon trap: reason=bimorphic action=maybe_recompile pc=0x0000000002a79e6c method=java.util.HashMap.getNode(ILjava/lang/Object;)Ljava/util/HashMap$Node; @ 126
Event: 3.166 Thread 0x0000000016993000 Uncommon trap: reason=bimorphic action=maybe_recompile pc=0x0000000002a79e6c method=java.util.HashMap.getNode(ILjava/lang/Object;)Ljava/util/HashMap$Node; @ 126
Event: 3.166 Thread 0x0000000016993000 Uncommon trap: reason=bimorphic action=maybe_recompile pc=0x0000000002ae2264 method=java.util.HashMap.getNode(ILjava/lang/Object;)Ljava/util/HashMap$Node; @ 126

Internal exceptions (2 events):
Event: 0.187 Thread 0x000000000262d800 Exception <a 'java/lang/NoSuchMethodError': Method sun.misc.Unsafe.defineClass(Ljava/lang/String;[BII)Ljava/lang/Class; name or signature does not match> (0x00000000eab07cc0) thrown at [C:\re\workspace\8-2-build-windows-amd64-cygwin\jdk8u101\7261\hotspot\s’³4ýHþÇ?
Event: 0.187 Thread 0x000000000262d800 Exception <a 'java/lang/NoSuchMethodError': Method sun.misc.Unsafe.prefetchRead(Ljava/lang/Object;J)V name or signature does not match> (0x00000000eab07fa8) thrown at [C:\re\workspace\8-2-build-windows-amd64-cygwin\jdk8u101\7261\hotspot\src\share\vm\prims\

Events (10 events):
Event: 3.166 Thread 0x0000000016993000 DEOPT PACKING pc=0x0000000002a79e6c sp=0x0000000019bcec60
Event: 3.166 Thread 0x0000000016993000 DEOPT UNPACKING pc=0x000000000287582a sp=0x0000000019bceb98 mode 2
Event: 3.166 Thread 0x0000000016993000 Uncommon trap: trap_request=0xffffffc6 fr.pc=0x0000000002a79e6c
Event: 3.166 Thread 0x0000000016993000 DEOPT PACKING pc=0x0000000002a79e6c sp=0x0000000019bcec60
Event: 3.166 Thread 0x0000000016993000 DEOPT UNPACKING pc=0x000000000287582a sp=0x0000000019bceb98 mode 2
Event: 3.166 Thread 0x0000000016993000 Uncommon trap: trap_request=0xffffffc6 fr.pc=0x0000000002ae2264
Event: 3.166 Thread 0x0000000016993000 DEOPT PACKING pc=0x0000000002ae2264 sp=0x0000000019bcec00
Event: 3.166 Thread 0x0000000016993000 DEOPT UNPACKING pc=0x000000000287582a sp=0x0000000019bceb98 mode 2
Event: 3.171 loading class com/android/dx/dex/file/CatchStructs
Event: 3.171 loading class com/android/dx/dex/file/CatchStructs done


Dynamic libraries:
0x00007ff78c4e0000 - 0x00007ff78c517000 	C:\Program Files\Java\jdk1.8.0_101\bin\java.exe
0x00007ffa50cd0000 - 0x00007ffa50e91000 	C:\WINDOWS\SYSTEM32\ntdll.dll
0x00007ffa4e510000 - 0x00007ffa4e5bd000 	C:\WINDOWS\system32\KERNEL32.DLL
0x00007ffa30a70000 - 0x00007ffa30aa2000 	C:\Program Files (x86)\AVG\AVG2015\avghooka.dll
0x00007ffa4d660000 - 0x00007ffa4d848000 	C:\WINDOWS\system32\KERNELBASE.dll
0x00007ffa4f000000 - 0x00007ffa4f0a7000 	C:\WINDOWS\system32\ADVAPI32.dll
0x00007ffa4f0b0000 - 0x00007ffa4f14d000 	C:\WINDOWS\system32\msvcrt.dll
0x00007ffa50bf0000 - 0x00007ffa50c4b000 	C:\WINDOWS\system32\sechost.dll
0x00007ffa4eee0000 - 0x00007ffa4effc000 	C:\WINDOWS\system32\RPCRT4.dll
0x00007ffa4ec90000 - 0x00007ffa4ede6000 	C:\WINDOWS\system32\USER32.dll
0x00007ffa4e710000 - 0x00007ffa4e896000 	C:\WINDOWS\system32\GDI32.dll
0x00007ffa337a0000 - 0x00007ffa33a14000 	C:\WINDOWS\WinSxS\amd64_microsoft.windows.common-controls_6595b64144ccf1df_6.0.10586.0_none_8c15ae12515e1c22\COMCTL32.dll
0x00007ffa4e9b0000 - 0x00007ffa4ec2d000 	C:\WINDOWS\system32\combase.dll
0x00007ffa4df00000 - 0x00007ffa4df6a000 	C:\WINDOWS\system32\bcryptPrimitives.dll
0x00007ffa4f150000 - 0x00007ffa4f18b000 	C:\WINDOWS\system32\IMM32.DLL
0x0000000052c60000 - 0x0000000052d32000 	C:\Program Files\Java\jdk1.8.0_101\jre\bin\msvcr100.dll
0x0000000051f60000 - 0x00000000527fa000 	C:\Program Files\Java\jdk1.8.0_101\jre\bin\server\jvm.dll
0x00007ffa50c50000 - 0x00007ffa50c58000 	C:\WINDOWS\system32\PSAPI.DLL
0x00007ffa40ad0000 - 0x00007ffa40ad9000 	C:\WINDOWS\SYSTEM32\WSOCK32.dll
0x00007ffa4f470000 - 0x00007ffa4f4db000 	C:\WINDOWS\system32\WS2_32.dll
0x00007ffa4b970000 - 0x00007ffa4b993000 	C:\WINDOWS\SYSTEM32\WINMM.dll
0x00007ffa4c160000 - 0x00007ffa4c16a000 	C:\WINDOWS\SYSTEM32\VERSION.dll
0x00007ffa4b940000 - 0x00007ffa4b96c000 	C:\WINDOWS\SYSTEM32\WINMMBASE.dll
0x00007ffa4d610000 - 0x00007ffa4d653000 	C:\WINDOWS\system32\cfgmgr32.dll
0x0000000052c50000 - 0x0000000052c5f000 	C:\Program Files\Java\jdk1.8.0_101\jre\bin\verify.dll
0x0000000052c20000 - 0x0000000052c49000 	C:\Program Files\Java\jdk1.8.0_101\jre\bin\java.dll
0x0000000052c00000 - 0x0000000052c16000 	C:\Program Files\Java\jdk1.8.0_101\jre\bin\zip.dll
0x00007ffa4f690000 - 0x00007ffa50bec000 	C:\WINDOWS\system32\SHELL32.dll
0x00007ffa4d8b0000 - 0x00007ffa4def4000 	C:\WINDOWS\system32\windows.storage.dll
0x00007ffa4f190000 - 0x00007ffa4f1e2000 	C:\WINDOWS\system32\shlwapi.dll
0x00007ffa4d320000 - 0x00007ffa4d32f000 	C:\WINDOWS\system32\kernel.appcore.dll
0x00007ffa4d550000 - 0x00007ffa4d605000 	C:\WINDOWS\system32\shcore.dll
0x00007ffa4d330000 - 0x00007ffa4d37b000 	C:\WINDOWS\system32\powrprof.dll
0x00007ffa4d300000 - 0x00007ffa4d314000 	C:\WINDOWS\system32\profapi.dll

VM Arguments:
jvm_args: -Djava.awt.headless=true -Xmx1024M -Dfile.encoding=windows-1252 -Duser.country=US -Duser.language=en -Duser.variant 
java_command: com.android.dx.command.Main --dex --force-jumbo --num-threads=4 --multi-dex --output C:\Users\tennkarene\AndroidStudioProjects\Calculator\app\build\intermediates\transforms\dex\debug\folders\1000\10\com.android.support-support-media-compat-24.2.0_a13bce0d76462642604c5389a829db26d47a2cd9 C:\Users\tennkarene\AndroidStudioProjects\Calculator\app\build\intermediates\exploded-aar\com.android.support\support-media-compat\24.2.0\jars\classes.jar
java_class_path (initial): C:\Users\tennkarene\AppData\Local\Android\sdk\build-tools\24.0.2\lib\dx.jar
Launcher Type: SUN_STANDARD

Environment Variables:
PATH=C:\ProgramData\Oracle\Java\javapath;C:\Program Files (x86)\Intel\iCLS Client\;C:\Program Files\Intel\iCLS Client\;C:\WINDOWS\system32;C:\WINDOWS;C:\WINDOWS\System32\Wbem;C:\WINDOWS\System32\WindowsPowerShell\v1.0\;C:\Program Files\Intel\Intel(R) Management Engine Components\DAL;C:\Program Files\Intel\Intel(R) Management Engine Components\IPT;C:\Program Files (x86)\Intel\Intel(R) Management Engine Components\DAL;C:\Program Files (x86)\Intel\Intel(R) Management Engine Components\IPT;C:\Program Files\Intel\WiFi\bin\;C:\Program Files\Common Files\Intel\WirelessCommon\;C:\Users\tennkarene\.dnx\bin;C:\Program Files\Microsoft DNX\Dnvm\;c:\Program Files (x86)\Microsoft SQL Server\110\Tools\Binn\;c:\Program Files\Microsoft SQL Server\110\Tools\Binn\;c:\Program Files\Microsoft SQL Server\110\DTS\Binn\;C:\Program Files (x86)\Windows Kits\8.1\Windows Performance Toolkit\;C:\Program Files (x86)\Microsoft SDKs\TypeScript\1.0\;C:\Program Files\Microsoft SQL Server\120\Tools\Binn\;C:\Program Files\jEdit;C:\Program Files\nodejs\;C:\Program Files (x86)\SSH Communications Security\SSH Secure Shell;C:\Users\tennkarene\AppData\Roaming\npm
USERNAME=tennkarene
OS=Windows_NT
PROCESSOR_IDENTIFIER=Intel64 Family 6 Model 69 Stepping 1, GenuineIntel



---------------  S Y S T E M  ---------------

OS: Windows 10.0 , 64 bit Build 10586 (10.0.10586.0)

CPU:total 4 (2 cores per cpu, 2 threads per core) family 6 model 69 stepping 1, cmov, cx8, fxsr, mmx, sse, sse2, sse3, ssse3, sse4.1, sse4.2, popcnt, avx, avx2, aes, clmul, erms, lzcnt, ht, tsc, tscinvbit, bmi1, bmi2

Memory: 4k page, physical 4113368k(399864k free), swap 11109260k(5328k free)

vm_info: Java HotSpot(TM) 64-Bit Server VM (25.101-b13) for windows-amd64 JRE (1.8.0_101-b13), built on Jun 22 2016 01:21:29 by "java_re" with MS VC++ 10.0 (VS2010)

time: Mon Sep 19 12:52:17 2016
elapsed time: 3 seconds (0d 0h 0m 3s)

